  Source.cpp
c:\users\osprey6\onedrive\documents\fall 2016\cs 550\final project\final project\source.cpp(301): warning C4305: '+=': truncation from 'double' to 'float'
c:\users\osprey6\onedrive\documents\fall 2016\cs 550\final project\final project\source.cpp(305): warning C4244: '=': conversion from 'double' to 'float', possible loss of data
c:\users\osprey6\onedrive\documents\fall 2016\cs 550\final project\final project\source.cpp(310): warning C4244: '=': conversion from 'double' to 'float', possible loss of data
c:\users\osprey6\onedrive\documents\fall 2016\cs 550\final project\final project\source.cpp(318): warning C4244: '=': conversion from 'double' to 'float', possible loss of data
c:\users\osprey6\onedrive\documents\fall 2016\cs 550\final project\final project\source.cpp(325): warning C4244: '=': conversion from 'double' to 'float', possible loss of data
c:\users\osprey6\onedrive\documents\fall 2016\cs 550\final project\final project\source.cpp(330): warning C4244: '=': conversion from 'double' to 'float', possible loss of data
c:\users\osprey6\onedrive\documents\fall 2016\cs 550\final project\final project\source.cpp(338): warning C4244: '=': conversion from 'double' to 'float', possible loss of data
c:\users\osprey6\onedrive\documents\fall 2016\cs 550\final project\final project\source.cpp(345): warning C4244: '=': conversion from 'double' to 'float', possible loss of data
c:\users\osprey6\onedrive\documents\fall 2016\cs 550\final project\final project\source.cpp(350): warning C4244: '=': conversion from 'double' to 'float', possible loss of data
c:\users\osprey6\onedrive\documents\fall 2016\cs 550\final project\final project\source.cpp(358): warning C4244: '=': conversion from 'double' to 'float', possible loss of data
c:\users\osprey6\onedrive\documents\fall 2016\cs 550\final project\final project\source.cpp(365): warning C4244: '=': conversion from 'double' to 'float', possible loss of data
c:\users\osprey6\onedrive\documents\fall 2016\cs 550\final project\final project\source.cpp(370): warning C4244: '=': conversion from 'double' to 'float', possible loss of data
c:\users\osprey6\onedrive\documents\fall 2016\cs 550\final project\final project\source.cpp(378): warning C4244: '=': conversion from 'double' to 'float', possible loss of data
c:\users\osprey6\onedrive\documents\fall 2016\cs 550\final project\final project\source.cpp(388): warning C4244: '=': conversion from 'double' to 'float', possible loss of data
c:\users\osprey6\onedrive\documents\fall 2016\cs 550\final project\final project\source.cpp(396): warning C4244: '=': conversion from 'double' to 'float', possible loss of data
c:\users\osprey6\onedrive\documents\fall 2016\cs 550\final project\final project\source.cpp(522): warning C4244: 'argument': conversion from 'double' to 'GLfloat', possible loss of data
c:\users\osprey6\onedrive\documents\fall 2016\cs 550\final project\final project\source.cpp(523): warning C4305: 'argument': truncation from 'double' to 'GLfloat'
c:\users\osprey6\onedrive\documents\fall 2016\cs 550\final project\final project\source.cpp(529): warning C4244: 'argument': conversion from 'double' to 'GLfloat', possible loss of data
c:\users\osprey6\onedrive\documents\fall 2016\cs 550\final project\final project\source.cpp(529): warning C4244: 'argument': conversion from 'int' to 'GLfloat', possible loss of data
c:\users\osprey6\onedrive\documents\fall 2016\cs 550\final project\final project\source.cpp(530): warning C4305: 'argument': truncation from 'double' to 'GLfloat'
c:\users\osprey6\onedrive\documents\fall 2016\cs 550\final project\final project\source.cpp(536): warning C4244: 'argument': conversion from 'double' to 'GLfloat', possible loss of data
c:\users\osprey6\onedrive\documents\fall 2016\cs 550\final project\final project\source.cpp(537): warning C4305: 'argument': truncation from 'double' to 'GLfloat'
c:\users\osprey6\onedrive\documents\fall 2016\cs 550\final project\final project\source.cpp(543): warning C4244: 'argument': conversion from 'double' to 'GLfloat', possible loss of data
c:\users\osprey6\onedrive\documents\fall 2016\cs 550\final project\final project\source.cpp(544): warning C4305: 'argument': truncation from 'double' to 'GLfloat'
c:\users\osprey6\onedrive\documents\fall 2016\cs 550\final project\final project\source.cpp(550): warning C4244: 'argument': conversion from 'double' to 'GLfloat', possible loss of data
c:\users\osprey6\onedrive\documents\fall 2016\cs 550\final project\final project\source.cpp(550): warning C4244: 'argument': conversion from 'int' to 'GLfloat', possible loss of data
c:\users\osprey6\onedrive\documents\fall 2016\cs 550\final project\final project\source.cpp(551): warning C4305: 'argument': truncation from 'double' to 'GLfloat'
c:\users\osprey6\onedrive\documents\fall 2016\cs 550\final project\final project\source.cpp(557): warning C4244: 'argument': conversion from 'double' to 'GLfloat', possible loss of data
c:\users\osprey6\onedrive\documents\fall 2016\cs 550\final project\final project\source.cpp(557): warning C4244: 'argument': conversion from 'int' to 'GLfloat', possible loss of data
c:\users\osprey6\onedrive\documents\fall 2016\cs 550\final project\final project\source.cpp(564): warning C4244: 'argument': conversion from 'double' to 'GLfloat', possible loss of data
c:\users\osprey6\onedrive\documents\fall 2016\cs 550\final project\final project\source.cpp(565): warning C4305: 'argument': truncation from 'double' to 'GLfloat'
c:\users\osprey6\onedrive\documents\fall 2016\cs 550\final project\final project\source.cpp(570): warning C4244: 'argument': conversion from 'double' to 'GLfloat', possible loss of data
c:\users\osprey6\onedrive\documents\fall 2016\cs 550\final project\final project\source.cpp(577): warning C4244: 'argument': conversion from 'double' to 'GLfloat', possible loss of data
c:\users\osprey6\onedrive\documents\fall 2016\cs 550\final project\final project\source.cpp(578): warning C4305: 'argument': truncation from 'double' to 'GLfloat'
c:\users\osprey6\onedrive\documents\fall 2016\cs 550\final project\final project\source.cpp(584): warning C4244: 'argument': conversion from 'double' to 'GLfloat', possible loss of data
c:\users\osprey6\onedrive\documents\fall 2016\cs 550\final project\final project\source.cpp(584): warning C4244: 'argument': conversion from 'int' to 'GLfloat', possible loss of data
c:\users\osprey6\onedrive\documents\fall 2016\cs 550\final project\final project\source.cpp(585): warning C4305: 'argument': truncation from 'double' to 'GLfloat'
c:\users\osprey6\onedrive\documents\fall 2016\cs 550\final project\final project\source.cpp(1054): warning C4305: 'initializing': truncation from 'double' to 'float'
c:\users\osprey6\onedrive\documents\fall 2016\cs 550\final project\final project\source.cpp(1079): warning C4244: '=': conversion from 'double' to 'float', possible loss of data
c:\users\osprey6\onedrive\documents\fall 2016\cs 550\final project\final project\source.cpp(1105): warning C4305: 'argument': truncation from 'double' to 'GLfloat'
c:\users\osprey6\onedrive\documents\fall 2016\cs 550\final project\final project\source.cpp(1116): warning C4305: 'argument': truncation from 'double' to 'GLfloat'
c:\users\osprey6\onedrive\documents\fall 2016\cs 550\final project\final project\source.cpp(1123): warning C4305: 'argument': truncation from 'double' to 'GLfloat'
c:\users\osprey6\onedrive\documents\fall 2016\cs 550\final project\final project\source.cpp(1130): warning C4305: 'argument': truncation from 'double' to 'GLfloat'
c:\users\osprey6\onedrive\documents\fall 2016\cs 550\final project\final project\source.cpp(1137): warning C4305: 'argument': truncation from 'double' to 'GLfloat'
c:\users\osprey6\onedrive\documents\fall 2016\cs 550\final project\final project\source.cpp(1138): warning C4305: 'argument': truncation from 'double' to 'GLfloat'
c:\users\osprey6\onedrive\documents\fall 2016\cs 550\final project\final project\source.cpp(1144): warning C4305: 'argument': truncation from 'double' to 'GLfloat'
c:\users\osprey6\onedrive\documents\fall 2016\cs 550\final project\final project\source.cpp(1145): warning C4305: 'argument': truncation from 'double' to 'GLfloat'
c:\users\osprey6\onedrive\documents\fall 2016\cs 550\final project\final project\source.cpp(1151): warning C4305: 'argument': truncation from 'double' to 'GLfloat'
c:\users\osprey6\onedrive\documents\fall 2016\cs 550\final project\final project\source.cpp(1534): warning C4244: 'initializing': conversion from 'double' to 'float', possible loss of data
  Final Project.vcxproj -> C:\Users\Osprey6\OneDrive\Documents\Fall 2016\CS 550\Final Project\Debug\Final Project.exe
  Final Project.vcxproj -> C:\Users\Osprey6\OneDrive\Documents\Fall 2016\CS 550\Final Project\Debug\Final Project.pdb (Partial PDB)
